<?xml version="1.0" encoding="UTF-8"?>
<testsuite xmlns:xsi="http://www.w3.org/2001/XMLSchema-instance" xsi:noNamespaceSchemaLocation="https://maven.apache.org/surefire/maven-surefire-plugin/xsd/surefire-test-report-3.0.xsd" version="3.0" name="Shopping list" time="180.034" tests="2" errors="0" skipped="0" failures="0">
  <properties>
[...]
</properties>
  <testcase name="Add a recipe through settings button Given I open the app" classname="Shopping list" time="170.642"/>
  <testcase name="Add a recipe though input field “Add recipe...” Given I open the app" classname="Shopping list" time="9.273"/>
</testsuite>